<?xml version="1.0" encoding="UTF-8"?>
<testsuite name="Iniciar sesion exitosa en gmail" tests="1" skipped="0" failures="0" errors="0" timestamp="2023-12-14T22:05:06" hostname="DESKTOP-1L570O5" time="20.906">
  <properties/>
  <testcase name="Iniciar sesion en gmail" classname="Iniciar sesion exitosa en gmail" time="20.906"/>
  <system-out><![CDATA[Given
When
Then
]]></system-out>
  <system-err><![CDATA[[Test worker] INFO io.cucumber.core.plugin.SerenityReporter - Running feature from file:///C:/Users/Usuario/IdeaProjects/GmailLogin/src/test/resources/features/gmail_login.feature
[Test worker] INFO  - 
  _____   ___   ___   _____     ___   _____     _     ___   _____   ___   ___  
 |_   _| | __| / __| |_   _|   / __| |_   _|   /_\   | _ \ |_   _| | __| |   \ 
   | |   | _|  \__ \   | |     \__ \   | |    / _ \  |   /   | |   | _|  | |) |
   |_|   |___| |___/   |_|     |___/   |_|   /_/ \_\ |_|_\   |_|   |___| |___/ 

Iniciar sesion en gmail(iniciar-sesion-exitosa-en-gmail;iniciar-sesion-en-gmail)
--------------------------------------------------------------------------------
[Test worker] INFO net.serenitybdd.core.webdriver.driverproviders.ChromeDriverProvider - Using automatically driver download
[Test worker] ERROR io.github.bonigarcia.wdm.online.HttpClient - Error HTTP 404 executing https://chromedriver.storage.googleapis.com/LATEST_RELEASE_120
[Test worker] WARN io.github.bonigarcia.wdm.versions.VersionDetector - Exception reading https://chromedriver.storage.googleapis.com/LATEST_RELEASE_120 to get latest version of chromedriver (Error HTTP 404 executing https://chromedriver.storage.googleapis.com/LATEST_RELEASE_120)
[Test worker] INFO io.github.bonigarcia.wdm.WebDriverManager - Exporting webdriver.chrome.driver as C:\Users\Usuario\.cache\selenium\chromedriver\win32\114.0.5735.90\chromedriver.exe
[Test worker] INFO net.serenitybdd.core.webdriver.driverproviders.ProvideNewDriver - Instantiating driver
[Test worker] INFO net.serenitybdd.core.webdriver.driverproviders.ProvideNewDriver - Driver capabilities: Capabilities {acceptInsecureCerts: false, browserName: chrome, chrome.switches: --start-maximized,--enable-..., goog:chromeOptions: {args: [--start-maximized, --enable-automation, --no-sandbox, --disable-gpu-sandbox, --disable-blink-features=Au...], extensions: []}, loggingPrefs: org.openqa.selenium.logging...}
Starting ChromeDriver 120.0.6099.71 (9729082fe6174c0a371fc66501f5efc5d69d3d2b-refs/branch-heads/6099_56@{#13}) on port 30485
Only local connections are allowed.
Please see https://chromedriver.chromium.org/security-considerations for suggestions on keeping ChromeDriver safe.
ChromeDriver was started successfully.
dic 14, 2023 5:05:10 PM org.openqa.selenium.remote.ProtocolHandshake createSession
INFORMACIÓN: Detected dialect: W3C
[Test worker] INFO  - 
  _____   ___   ___   _____     ___     _     ___   ___   ___   ___  
 |_   _| | __| / __| |_   _|   | _ \   /_\   / __| / __| | __| |   \ 
   | |   | _|  \__ \   | |     |  _/  / _ \  \__ \ \__ \ | _|  | |) |
   |_|   |___| |___/   |_|     |_|   /_/ \_\ |___/ |___/ |___| |___/ 

Iniciar sesion en gmail
----------------------------------------------------------------------
]]></system-err>
</testsuite>
